*** Starting uWSGI 2.0.20 (64bit) on [Mon Aug 29 16:21:06 2022] ***
compiled with version: 10.2.1 20210110 on 29 August 2022 15:58:59
os: Linux-5.10.16.3-microsoft-standard-WSL2 #1 SMP Fri Apr 2 22:23:49 UTC 2021
nodename: 291a757a52e0
machine: x86_64
clock source: unix
pcre jit disabled
detected number of CPU cores: 4
current working directory: /usr/src/app
detected binary path: /usr/local/bin/uwsgi
uWSGI running as root, you can use --uid/--gid/--chroot options
*** WARNING: you are running uWSGI as root !!! (use the --uid flag) *** 
your memory page size is 4096 bytes
detected max file descriptor number: 1048576
lock engine: pthread robust mutexes
thunder lock: disabled (you can enable it with --thunder-lock)
uwsgi socket 0 bound to UNIX address /tmp/uwsgi.sock fd 3
uWSGI running as root, you can use --uid/--gid/--chroot options
*** WARNING: you are running uWSGI as root !!! (use the --uid flag) *** 
Python version: 3.8.13 (default, Aug 23 2022, 09:35:56)  [GCC 10.2.1 20210110]
*** Python threads support is disabled. You can enable it with --enable-threads ***
Python main interpreter initialized at 0x561347a062e0
uWSGI running as root, you can use --uid/--gid/--chroot options
*** WARNING: you are running uWSGI as root !!! (use the --uid flag) *** 
your server socket listen backlog is limited to 100 connections
your mercy for graceful operations on workers is 60 seconds
mapped 145840 bytes (142 KB) for 1 cores
*** Operational MODE: single process ***
WSGI app 0 (mountpoint='') ready in 1 seconds on interpreter 0x561347a062e0 pid: 1 (default app)
mountpoint  already configured. skip.
uWSGI running as root, you can use --uid/--gid/--chroot options
*** WARNING: you are running uWSGI as root !!! (use the --uid flag) *** 
*** uWSGI is running in multiple interpreter mode ***
spawned uWSGI master process (pid: 1)
spawned uWSGI worker 1 (pid: 15, cores: 1)
[pid: 15|app: 0|req: 1/1] 172.26.0.1 () {58 vars in 1176 bytes} [Mon Aug 29 16:21:18 2022] GET / => generated 903 bytes in 24 msecs (HTTP/1.1 200) 2 headers in 80 bytes (1 switches on core 0)
[pid: 15|app: 0|req: 2/2] 172.26.0.1 () {54 vars in 1042 bytes} [Mon Aug 29 16:21:18 2022] GET /static/css/base.css => generated 27 bytes in 4 msecs via sendfile() (HTTP/1.1 200) 6 headers in 234 bytes (0 switches on core 0)
[pid: 15|app: 0|req: 3/3] 172.26.0.1 () {54 vars in 1044 bytes} [Mon Aug 29 16:21:18 2022] GET /static/css/index.css => generated 23 bytes in 1 msecs via sendfile() (HTTP/1.1 200) 6 headers in 235 bytes (0 switches on core 0)
[pid: 15|app: 0|req: 4/4] 172.26.0.1 () {54 vars in 1098 bytes} [Mon Aug 29 16:21:18 2022] GET /static/img/wordcloud.png => generated 10736 bytes in 2 msecs via sendfile() (HTTP/1.1 200) 6 headers in 228 bytes (0 switches on core 0)
[pid: 15|app: 0|req: 5/5] 172.26.0.1 () {54 vars in 1072 bytes} [Mon Aug 29 16:21:18 2022] GET /favicon.ico => generated 207 bytes in 1 msecs (HTTP/1.1 404) 2 headers in 87 bytes (1 switches on core 0)
...brutally killing workers...
worker 1 buried after 1 seconds
binary reloading uWSGI...
chdir() to /usr/src/app
closing all non-uwsgi socket fds > 2 (max_fd = 1048576)...
found fd 3 mapped to socket 0 (/tmp/uwsgi.sock)
running /usr/local/bin/uwsgi
[uWSGI] getting INI configuration from app.ini
*** Starting uWSGI 2.0.20 (64bit) on [Mon Aug 29 16:21:28 2022] ***
compiled with version: 10.2.1 20210110 on 29 August 2022 15:58:59
os: Linux-5.10.16.3-microsoft-standard-WSL2 #1 SMP Fri Apr 2 22:23:49 UTC 2021
nodename: 291a757a52e0
machine: x86_64
clock source: unix
pcre jit disabled
detected number of CPU cores: 4
current working directory: /usr/src/app
detected binary path: /usr/local/bin/uwsgi
uWSGI running as root, you can use --uid/--gid/--chroot options
*** WARNING: you are running uWSGI as root !!! (use the --uid flag) *** 
your memory page size is 4096 bytes
detected max file descriptor number: 1048576
lock engine: pthread robust mutexes
thunder lock: disabled (you can enable it with --thunder-lock)
uwsgi socket 0 inherited UNIX address /tmp/uwsgi.sock fd 3
uWSGI running as root, you can use --uid/--gid/--chroot options
*** WARNING: you are running uWSGI as root !!! (use the --uid flag) *** 
Python version: 3.8.13 (default, Aug 23 2022, 09:35:56)  [GCC 10.2.1 20210110]
*** Python threads support is disabled. You can enable it with --enable-threads ***
Python main interpreter initialized at 0x55a7c692b2a0
uWSGI running as root, you can use --uid/--gid/--chroot options
*** WARNING: you are running uWSGI as root !!! (use the --uid flag) *** 
your server socket listen backlog is limited to 100 connections
your mercy for graceful operations on workers is 60 seconds
mapped 145840 bytes (142 KB) for 1 cores
*** Operational MODE: single process ***
WSGI app 0 (mountpoint='') ready in 2 seconds on interpreter 0x55a7c692b2a0 pid: 1 (default app)
mountpoint  already configured. skip.
uWSGI running as root, you can use --uid/--gid/--chroot options
*** WARNING: you are running uWSGI as root !!! (use the --uid flag) *** 
*** uWSGI is running in multiple interpreter mode ***
gracefully (RE)spawned uWSGI master process (pid: 1)
spawned uWSGI worker 1 (pid: 23, cores: 1)
*** Starting uWSGI 2.0.20 (64bit) on [Mon Aug 29 16:21:43 2022] ***
compiled with version: 10.2.1 20210110 on 29 August 2022 15:58:59
os: Linux-5.10.16.3-microsoft-standard-WSL2 #1 SMP Fri Apr 2 22:23:49 UTC 2021
nodename: 291a757a52e0
machine: x86_64
clock source: unix
pcre jit disabled
detected number of CPU cores: 4
current working directory: /usr/src/app
detected binary path: /usr/local/bin/uwsgi
uWSGI running as root, you can use --uid/--gid/--chroot options
*** WARNING: you are running uWSGI as root !!! (use the --uid flag) *** 
your memory page size is 4096 bytes
detected max file descriptor number: 1048576
lock engine: pthread robust mutexes
thunder lock: disabled (you can enable it with --thunder-lock)
uwsgi socket 0 bound to UNIX address /tmp/uwsgi.sock fd 3
uWSGI running as root, you can use --uid/--gid/--chroot options
*** WARNING: you are running uWSGI as root !!! (use the --uid flag) *** 
Python version: 3.8.13 (default, Aug 23 2022, 09:35:56)  [GCC 10.2.1 20210110]
*** Python threads support is disabled. You can enable it with --enable-threads ***
Python main interpreter initialized at 0x556752e382e0
uWSGI running as root, you can use --uid/--gid/--chroot options
*** WARNING: you are running uWSGI as root !!! (use the --uid flag) *** 
your server socket listen backlog is limited to 100 connections
your mercy for graceful operations on workers is 60 seconds
mapped 145840 bytes (142 KB) for 1 cores
*** Operational MODE: single process ***
WSGI app 0 (mountpoint='') ready in 2 seconds on interpreter 0x556752e382e0 pid: 1 (default app)
mountpoint  already configured. skip.
uWSGI running as root, you can use --uid/--gid/--chroot options
*** WARNING: you are running uWSGI as root !!! (use the --uid flag) *** 
*** uWSGI is running in multiple interpreter mode ***
spawned uWSGI master process (pid: 1)
spawned uWSGI worker 1 (pid: 15, cores: 1)
...brutally killing workers...
worker 1 buried after 1 seconds
binary reloading uWSGI...
chdir() to /usr/src/app
closing all non-uwsgi socket fds > 2 (max_fd = 1048576)...
found fd 3 mapped to socket 0 (/tmp/uwsgi.sock)
running /usr/local/bin/uwsgi
[uWSGI] getting INI configuration from app.ini
*** Starting uWSGI 2.0.20 (64bit) on [Mon Aug 29 16:22:29 2022] ***
compiled with version: 10.2.1 20210110 on 29 August 2022 15:58:59
os: Linux-5.10.16.3-microsoft-standard-WSL2 #1 SMP Fri Apr 2 22:23:49 UTC 2021
nodename: 291a757a52e0
machine: x86_64
clock source: unix
pcre jit disabled
detected number of CPU cores: 4
current working directory: /usr/src/app
detected binary path: /usr/local/bin/uwsgi
uWSGI running as root, you can use --uid/--gid/--chroot options
*** WARNING: you are running uWSGI as root !!! (use the --uid flag) *** 
your memory page size is 4096 bytes
detected max file descriptor number: 1048576
lock engine: pthread robust mutexes
thunder lock: disabled (you can enable it with --thunder-lock)
uwsgi socket 0 inherited UNIX address /tmp/uwsgi.sock fd 3
uWSGI running as root, you can use --uid/--gid/--chroot options
*** WARNING: you are running uWSGI as root !!! (use the --uid flag) *** 
Python version: 3.8.13 (default, Aug 23 2022, 09:35:56)  [GCC 10.2.1 20210110]
*** Python threads support is disabled. You can enable it with --enable-threads ***
Python main interpreter initialized at 0x55b8f4e1d2a0
uWSGI running as root, you can use --uid/--gid/--chroot options
*** WARNING: you are running uWSGI as root !!! (use the --uid flag) *** 
your server socket listen backlog is limited to 100 connections
your mercy for graceful operations on workers is 60 seconds
mapped 145840 bytes (142 KB) for 1 cores
*** Operational MODE: single process ***
WSGI app 0 (mountpoint='') ready in 2 seconds on interpreter 0x55b8f4e1d2a0 pid: 1 (default app)
mountpoint  already configured. skip.
uWSGI running as root, you can use --uid/--gid/--chroot options
*** WARNING: you are running uWSGI as root !!! (use the --uid flag) *** 
*** uWSGI is running in multiple interpreter mode ***
gracefully (RE)spawned uWSGI master process (pid: 1)
spawned uWSGI worker 1 (pid: 31, cores: 1)
*** Starting uWSGI 2.0.20 (64bit) on [Tue Aug 30 14:13:58 2022] ***
compiled with version: 10.2.1 20210110 on 29 August 2022 15:58:59
os: Linux-5.10.16.3-microsoft-standard-WSL2 #1 SMP Fri Apr 2 22:23:49 UTC 2021
nodename: 01adeeebaa8f
machine: x86_64
clock source: unix
pcre jit disabled
detected number of CPU cores: 4
current working directory: /usr/src/app
detected binary path: /usr/local/bin/uwsgi
uWSGI running as root, you can use --uid/--gid/--chroot options
*** WARNING: you are running uWSGI as root !!! (use the --uid flag) *** 
your memory page size is 4096 bytes
detected max file descriptor number: 1048576
lock engine: pthread robust mutexes
thunder lock: disabled (you can enable it with --thunder-lock)
uwsgi socket 0 bound to UNIX address /tmp/uwsgi.sock fd 3
uWSGI running as root, you can use --uid/--gid/--chroot options
*** WARNING: you are running uWSGI as root !!! (use the --uid flag) *** 
Python version: 3.8.13 (default, Aug 23 2022, 09:35:56)  [GCC 10.2.1 20210110]
*** Python threads support is disabled. You can enable it with --enable-threads ***
Python main interpreter initialized at 0x5637a4f492e0
uWSGI running as root, you can use --uid/--gid/--chroot options
*** WARNING: you are running uWSGI as root !!! (use the --uid flag) *** 
your server socket listen backlog is limited to 100 connections
your mercy for graceful operations on workers is 60 seconds
mapped 145840 bytes (142 KB) for 1 cores
*** Operational MODE: single process ***
WSGI app 0 (mountpoint='') ready in 3 seconds on interpreter 0x5637a4f492e0 pid: 1 (default app)
mountpoint  already configured. skip.
uWSGI running as root, you can use --uid/--gid/--chroot options
*** WARNING: you are running uWSGI as root !!! (use the --uid flag) *** 
*** uWSGI is running in multiple interpreter mode ***
spawned uWSGI master process (pid: 1)
spawned uWSGI worker 1 (pid: 15, cores: 1)
[pid: 15|app: 0|req: 1/1] 172.27.0.1 () {56 vars in 1145 bytes} [Tue Aug 30 14:14:17 2022] GET / => generated 903 bytes in 31 msecs (HTTP/1.1 200) 2 headers in 80 bytes (1 switches on core 0)
[pid: 15|app: 0|req: 2/2] 172.27.0.1 () {54 vars in 1042 bytes} [Tue Aug 30 14:14:18 2022] GET /static/css/base.css => generated 27 bytes in 6 msecs via sendfile() (HTTP/1.1 200) 6 headers in 234 bytes (0 switches on core 0)
[pid: 15|app: 0|req: 3/3] 172.27.0.1 () {54 vars in 1044 bytes} [Tue Aug 30 14:14:18 2022] GET /static/css/index.css => generated 23 bytes in 2 msecs via sendfile() (HTTP/1.1 200) 6 headers in 235 bytes (0 switches on core 0)
[pid: 15|app: 0|req: 4/4] 172.27.0.1 () {54 vars in 1098 bytes} [Tue Aug 30 14:14:18 2022] GET /static/img/wordcloud.png => generated 10736 bytes in 1 msecs via sendfile() (HTTP/1.1 200) 6 headers in 228 bytes (0 switches on core 0)
[pid: 15|app: 0|req: 5/5] 172.27.0.1 () {54 vars in 1072 bytes} [Tue Aug 30 14:14:18 2022] GET /favicon.ico => generated 207 bytes in 2 msecs (HTTP/1.1 404) 2 headers in 87 bytes (1 switches on core 0)
subprocess 33 exited with code 128
subprocess 39 exited with code 255
subprocess 43 exited with code 128
subprocess 47 exited with code 128
...brutally killing workers...
worker 1 buried after 1 seconds
binary reloading uWSGI...
chdir() to /usr/src/app
closing all non-uwsgi socket fds > 2 (max_fd = 1048576)...
found fd 3 mapped to socket 0 (/tmp/uwsgi.sock)
running /usr/local/bin/uwsgi
[uWSGI] getting INI configuration from app.ini
*** Starting uWSGI 2.0.20 (64bit) on [Tue Aug 30 14:25:06 2022] ***
compiled with version: 10.2.1 20210110 on 29 August 2022 15:58:59
os: Linux-5.10.16.3-microsoft-standard-WSL2 #1 SMP Fri Apr 2 22:23:49 UTC 2021
nodename: 01adeeebaa8f
machine: x86_64
clock source: unix
pcre jit disabled
detected number of CPU cores: 4
current working directory: /usr/src/app
detected binary path: /usr/local/bin/uwsgi
uWSGI running as root, you can use --uid/--gid/--chroot options
*** WARNING: you are running uWSGI as root !!! (use the --uid flag) *** 
your memory page size is 4096 bytes
detected max file descriptor number: 1048576
lock engine: pthread robust mutexes
thunder lock: disabled (you can enable it with --thunder-lock)
uwsgi socket 0 inherited UNIX address /tmp/uwsgi.sock fd 3
uWSGI running as root, you can use --uid/--gid/--chroot options
*** WARNING: you are running uWSGI as root !!! (use the --uid flag) *** 
Python version: 3.8.13 (default, Aug 23 2022, 09:35:56)  [GCC 10.2.1 20210110]
*** Python threads support is disabled. You can enable it with --enable-threads ***
Python main interpreter initialized at 0x56444efd92a0
uWSGI running as root, you can use --uid/--gid/--chroot options
*** WARNING: you are running uWSGI as root !!! (use the --uid flag) *** 
your server socket listen backlog is limited to 100 connections
your mercy for graceful operations on workers is 60 seconds
mapped 145840 bytes (142 KB) for 1 cores
*** Operational MODE: single process ***
WSGI app 0 (mountpoint='') ready in 2 seconds on interpreter 0x56444efd92a0 pid: 1 (default app)
mountpoint  already configured. skip.
uWSGI running as root, you can use --uid/--gid/--chroot options
*** WARNING: you are running uWSGI as root !!! (use the --uid flag) *** 
*** uWSGI is running in multiple interpreter mode ***
gracefully (RE)spawned uWSGI master process (pid: 1)
spawned uWSGI worker 1 (pid: 57, cores: 1)
*** Starting uWSGI 2.0.20 (64bit) on [Tue Aug 30 14:39:32 2022] ***
compiled with version: 10.2.1 20210110 on 29 August 2022 15:58:59
os: Linux-5.10.16.3-microsoft-standard-WSL2 #1 SMP Fri Apr 2 22:23:49 UTC 2021
nodename: 93e7396f0af4
machine: x86_64
clock source: unix
pcre jit disabled
detected number of CPU cores: 4
current working directory: /usr/src/app
detected binary path: /usr/local/bin/uwsgi
uWSGI running as root, you can use --uid/--gid/--chroot options
*** WARNING: you are running uWSGI as root !!! (use the --uid flag) *** 
your memory page size is 4096 bytes
detected max file descriptor number: 1048576
lock engine: pthread robust mutexes
thunder lock: disabled (you can enable it with --thunder-lock)
uwsgi socket 0 bound to UNIX address /tmp/uwsgi.sock fd 3
uWSGI running as root, you can use --uid/--gid/--chroot options
*** WARNING: you are running uWSGI as root !!! (use the --uid flag) *** 
Python version: 3.8.13 (default, Aug 23 2022, 09:35:56)  [GCC 10.2.1 20210110]
*** Python threads support is disabled. You can enable it with --enable-threads ***
Python main interpreter initialized at 0x55d997e722e0
uWSGI running as root, you can use --uid/--gid/--chroot options
*** WARNING: you are running uWSGI as root !!! (use the --uid flag) *** 
your server socket listen backlog is limited to 100 connections
your mercy for graceful operations on workers is 60 seconds
mapped 145840 bytes (142 KB) for 1 cores
*** Operational MODE: single process ***
WSGI app 0 (mountpoint='') ready in 2 seconds on interpreter 0x55d997e722e0 pid: 1 (default app)
mountpoint  already configured. skip.
uWSGI running as root, you can use --uid/--gid/--chroot options
*** WARNING: you are running uWSGI as root !!! (use the --uid flag) *** 
*** uWSGI is running in multiple interpreter mode ***
spawned uWSGI master process (pid: 1)
spawned uWSGI worker 1 (pid: 15, cores: 1)
...brutally killing workers...
worker 1 buried after 1 seconds
binary reloading uWSGI...
chdir() to /usr/src/app
closing all non-uwsgi socket fds > 2 (max_fd = 1048576)...
found fd 3 mapped to socket 0 (/tmp/uwsgi.sock)
running /usr/local/bin/uwsgi
[uWSGI] getting INI configuration from app.ini
*** Starting uWSGI 2.0.20 (64bit) on [Tue Aug 30 14:40:24 2022] ***
compiled with version: 10.2.1 20210110 on 29 August 2022 15:58:59
os: Linux-5.10.16.3-microsoft-standard-WSL2 #1 SMP Fri Apr 2 22:23:49 UTC 2021
nodename: 93e7396f0af4
machine: x86_64
clock source: unix
pcre jit disabled
detected number of CPU cores: 4
current working directory: /usr/src/app
detected binary path: /usr/local/bin/uwsgi
uWSGI running as root, you can use --uid/--gid/--chroot options
*** WARNING: you are running uWSGI as root !!! (use the --uid flag) *** 
your memory page size is 4096 bytes
detected max file descriptor number: 1048576
lock engine: pthread robust mutexes
thunder lock: disabled (you can enable it with --thunder-lock)
uwsgi socket 0 inherited UNIX address /tmp/uwsgi.sock fd 3
uWSGI running as root, you can use --uid/--gid/--chroot options
*** WARNING: you are running uWSGI as root !!! (use the --uid flag) *** 
Python version: 3.8.13 (default, Aug 23 2022, 09:35:56)  [GCC 10.2.1 20210110]
*** Python threads support is disabled. You can enable it with --enable-threads ***
Python main interpreter initialized at 0x5642b92282a0
uWSGI running as root, you can use --uid/--gid/--chroot options
*** WARNING: you are running uWSGI as root !!! (use the --uid flag) *** 
your server socket listen backlog is limited to 100 connections
your mercy for graceful operations on workers is 60 seconds
mapped 145840 bytes (142 KB) for 1 cores
*** Operational MODE: single process ***
WSGI app 0 (mountpoint='') ready in 2 seconds on interpreter 0x5642b92282a0 pid: 1 (default app)
mountpoint  already configured. skip.
uWSGI running as root, you can use --uid/--gid/--chroot options
*** WARNING: you are running uWSGI as root !!! (use the --uid flag) *** 
*** uWSGI is running in multiple interpreter mode ***
gracefully (RE)spawned uWSGI master process (pid: 1)
spawned uWSGI worker 1 (pid: 32, cores: 1)
*** Starting uWSGI 2.0.20 (64bit) on [Tue Aug 30 14:49:25 2022] ***
compiled with version: 10.2.1 20210110 on 29 August 2022 15:58:59
os: Linux-5.10.16.3-microsoft-standard-WSL2 #1 SMP Fri Apr 2 22:23:49 UTC 2021
nodename: 897b978ffb24
machine: x86_64
clock source: unix
pcre jit disabled
detected number of CPU cores: 4
current working directory: /usr/src/app
detected binary path: /usr/local/bin/uwsgi
uWSGI running as root, you can use --uid/--gid/--chroot options
*** WARNING: you are running uWSGI as root !!! (use the --uid flag) *** 
your memory page size is 4096 bytes
detected max file descriptor number: 1048576
lock engine: pthread robust mutexes
thunder lock: disabled (you can enable it with --thunder-lock)
uwsgi socket 0 bound to UNIX address /tmp/uwsgi.sock fd 3
uWSGI running as root, you can use --uid/--gid/--chroot options
*** WARNING: you are running uWSGI as root !!! (use the --uid flag) *** 
Python version: 3.8.13 (default, Aug 23 2022, 09:35:56)  [GCC 10.2.1 20210110]
*** Python threads support is disabled. You can enable it with --enable-threads ***
Python main interpreter initialized at 0x560b4688d2e0
uWSGI running as root, you can use --uid/--gid/--chroot options
*** WARNING: you are running uWSGI as root !!! (use the --uid flag) *** 
your server socket listen backlog is limited to 100 connections
your mercy for graceful operations on workers is 60 seconds
mapped 145840 bytes (142 KB) for 1 cores
*** Operational MODE: single process ***
WSGI app 0 (mountpoint='') ready in 2 seconds on interpreter 0x560b4688d2e0 pid: 1 (default app)
mountpoint  already configured. skip.
uWSGI running as root, you can use --uid/--gid/--chroot options
*** WARNING: you are running uWSGI as root !!! (use the --uid flag) *** 
*** uWSGI is running in multiple interpreter mode ***
spawned uWSGI master process (pid: 1)
spawned uWSGI worker 1 (pid: 15, cores: 1)
*** Starting uWSGI 2.0.20 (64bit) on [Tue Aug 30 14:49:44 2022] ***
compiled with version: 10.2.1 20210110 on 29 August 2022 15:58:59
os: Linux-5.10.16.3-microsoft-standard-WSL2 #1 SMP Fri Apr 2 22:23:49 UTC 2021
nodename: 897b978ffb24
machine: x86_64
clock source: unix
pcre jit disabled
detected number of CPU cores: 4
current working directory: /usr/src/app
detected binary path: /usr/local/bin/uwsgi
uWSGI running as root, you can use --uid/--gid/--chroot options
*** WARNING: you are running uWSGI as root !!! (use the --uid flag) *** 
your memory page size is 4096 bytes
detected max file descriptor number: 1048576
lock engine: pthread robust mutexes
thunder lock: disabled (you can enable it with --thunder-lock)
uwsgi socket 0 bound to UNIX address /tmp/uwsgi.sock fd 3
uWSGI running as root, you can use --uid/--gid/--chroot options
*** WARNING: you are running uWSGI as root !!! (use the --uid flag) *** 
Python version: 3.8.13 (default, Aug 23 2022, 09:35:56)  [GCC 10.2.1 20210110]
*** Python threads support is disabled. You can enable it with --enable-threads ***
Python main interpreter initialized at 0x562d3a8412e0
uWSGI running as root, you can use --uid/--gid/--chroot options
*** WARNING: you are running uWSGI as root !!! (use the --uid flag) *** 
your server socket listen backlog is limited to 100 connections
your mercy for graceful operations on workers is 60 seconds
mapped 145840 bytes (142 KB) for 1 cores
*** Operational MODE: single process ***
WSGI app 0 (mountpoint='') ready in 2 seconds on interpreter 0x562d3a8412e0 pid: 1 (default app)
mountpoint  already configured. skip.
uWSGI running as root, you can use --uid/--gid/--chroot options
*** WARNING: you are running uWSGI as root !!! (use the --uid flag) *** 
*** uWSGI is running in multiple interpreter mode ***
spawned uWSGI master process (pid: 1)
spawned uWSGI worker 1 (pid: 15, cores: 1)
...brutally killing workers...
worker 1 buried after 5 seconds
binary reloading uWSGI...
chdir() to /usr/src/app
closing all non-uwsgi socket fds > 2 (max_fd = 1048576)...
found fd 3 mapped to socket 0 (/tmp/uwsgi.sock)
running /usr/local/bin/uwsgi
[uWSGI] getting INI configuration from app.ini
*** Starting uWSGI 2.0.20 (64bit) on [Tue Aug 30 14:51:19 2022] ***
compiled with version: 10.2.1 20210110 on 29 August 2022 15:58:59
os: Linux-5.10.16.3-microsoft-standard-WSL2 #1 SMP Fri Apr 2 22:23:49 UTC 2021
nodename: 897b978ffb24
machine: x86_64
clock source: unix
pcre jit disabled
detected number of CPU cores: 4
current working directory: /usr/src/app
detected binary path: /usr/local/bin/uwsgi
uWSGI running as root, you can use --uid/--gid/--chroot options
*** WARNING: you are running uWSGI as root !!! (use the --uid flag) *** 
your memory page size is 4096 bytes
detected max file descriptor number: 1048576
lock engine: pthread robust mutexes
thunder lock: disabled (you can enable it with --thunder-lock)
uwsgi socket 0 inherited UNIX address /tmp/uwsgi.sock fd 3
uWSGI running as root, you can use --uid/--gid/--chroot options
*** WARNING: you are running uWSGI as root !!! (use the --uid flag) *** 
Python version: 3.8.13 (default, Aug 23 2022, 09:35:56)  [GCC 10.2.1 20210110]
*** Python threads support is disabled. You can enable it with --enable-threads ***
Python main interpreter initialized at 0x55fafa3372a0
uWSGI running as root, you can use --uid/--gid/--chroot options
*** WARNING: you are running uWSGI as root !!! (use the --uid flag) *** 
your server socket listen backlog is limited to 100 connections
your mercy for graceful operations on workers is 60 seconds
mapped 145840 bytes (142 KB) for 1 cores
*** Operational MODE: single process ***
WSGI app 0 (mountpoint='') ready in 3 seconds on interpreter 0x55fafa3372a0 pid: 1 (default app)
mountpoint  already configured. skip.
uWSGI running as root, you can use --uid/--gid/--chroot options
*** WARNING: you are running uWSGI as root !!! (use the --uid flag) *** 
*** uWSGI is running in multiple interpreter mode ***
gracefully (RE)spawned uWSGI master process (pid: 1)
spawned uWSGI worker 1 (pid: 35, cores: 1)
